# JRE version: Java(TM) SE Runtime Environment (21.0.1+12) (build 21.0.1+12-LTS-29)
# Java VM: Java HotSpot(TM) 64-Bit Server VM (21.0.1+12-LTS-29, mixed mode, emulated-client, sharing, tiered, compressed oops, compressed class ptrs, g1 gc, windows-amd64)
GC Precious Log:
 CardTable entry size: 512
 Card Set container configuration: InlinePtr #cards 4 size 8 Array Of Cards #cards 16 size 48 Howl #buckets 8 coarsen threshold 3686 Howl Bitmap #cards 512 size 80 coarsen threshold 460 Card regions per heap region 1 cards per card region 4096
 CPUs: 4 total, 4 available
 Memory: 12216M
 Large Page Support: Disabled
 NUMA Support: Disabled
 Compressed Oops: Enabled (Zero based)
 Heap Region Size: 2M
 Heap Min Capacity: 8M
 Heap Initial Capacity: 192M
 Heap Max Capacity: 3056M
 Pre-touch: Disabled
 Parallel Workers: 4
 Concurrent Workers: 1
 Concurrent Refinement Workers: 4
 Periodic GC: Disabled
Heap:
 garbage-first heap   total 67584K, used 52160K [0x0000000741000000, 0x0000000800000000)
  region size 2048K, 14 young (28672K), 1 survivors (2048K)
 Metaspace       used 67559K, committed 68352K, reserved 1114112K
  class space    used 9339K, committed 9728K, reserved 1048576K
GC Heap History (20 events):
Event: 3.726 GC heap before
{Heap before GC invocations=3 (full 0):
 garbage-first heap   total 196608K, used 36168K [0x0000000741000000, 0x0000000800000000)
  region size 2048K, 17 young (34816K), 2 survivors (4096K)
 Metaspace       used 21151K, committed 21504K, reserved 1114112K
  class space    used 2707K, committed 2880K, reserved 1048576K
}
Event: 3.739 GC heap after
{Heap after GC invocations=4 (full 0):
 garbage-first heap   total 196608K, used 12358K [0x0000000741000000, 0x0000000800000000)
  region size 2048K, 4 young (8192K), 4 survivors (8192K)
 Metaspace       used 21151K, committed 21504K, reserved 1114112K
  class space    used 2707K, committed 2880K, reserved 1048576K
}
Event: 4.592 GC heap before
{Heap before GC invocations=5 (full 0):
 garbage-first heap   total 55296K, used 36934K [0x0000000741000000, 0x0000000800000000)
  region size 2048K, 16 young (32768K), 4 survivors (8192K)
 Metaspace       used 23279K, committed 23680K, reserved 1114112K
  class space    used 3016K, committed 3200K, reserved 1048576K
}
Event: 4.607 GC heap after
{Heap after GC invocations=6 (full 0):
 garbage-first heap   total 55296K, used 14281K [0x0000000741000000, 0x0000000800000000)
  region size 2048K, 2 young (4096K), 2 survivors (4096K)
 Metaspace       used 23279K, committed 23680K, reserved 1114112K
  class space    used 3016K, committed 3200K, reserved 1048576K
}
Event: 5.653 GC heap before
{Heap before GC invocations=6 (full 0):
 garbage-first heap   total 55296K, used 40905K [0x0000000741000000, 0x0000000800000000)
  region size 2048K, 15 young (30720K), 2 survivors (4096K)
 Metaspace       used 27250K, committed 27776K, reserved 1114112K
  class space    used 3639K, committed 3904K, reserved 1048576K
}
Event: 5.666 GC heap after
{Heap after GC invocations=7 (full 0):
 garbage-first heap   total 55296K, used 16297K [0x0000000741000000, 0x0000000800000000)
  region size 2048K, 2 young (4096K), 2 survivors (4096K)
 Metaspace       used 27250K, committed 27776K, reserved 1114112K
  class space    used 3639K, committed 3904K, reserved 1048576K
}
Event: 6.537 GC heap before
{Heap before GC invocations=7 (full 0):
 garbage-first heap   total 55296K, used 42921K [0x0000000741000000, 0x0000000800000000)
  region size 2048K, 15 young (30720K), 2 survivors (4096K)
 Metaspace       used 30973K, committed 31488K, reserved 1114112K
  class space    used 4146K, committed 4352K, reserved 1048576K
}
Event: 6.550 GC heap after
{Heap after GC invocations=8 (full 0):
 garbage-first heap   total 67584K, used 18801K [0x0000000741000000, 0x0000000800000000)
  region size 2048K, 2 young (4096K), 2 survivors (4096K)
 Metaspace       used 30973K, committed 31488K, reserved 1114112K
  class space    used 4146K, committed 4352K, reserved 1048576K
}
Event: 7.149 GC heap before
{Heap before GC invocations=8 (full 0):
 garbage-first heap   total 67584K, used 33137K [0x0000000741000000, 0x0000000800000000)
  region size 2048K, 10 young (20480K), 2 survivors (4096K)
 Metaspace       used 35414K, committed 35968K, reserved 1114112K
  class space    used 4787K, committed 5056K, reserved 1048576K
}
Event: 7.157 GC heap after
{Heap after GC invocations=9 (full 0):
 garbage-first heap   total 67584K, used 19696K [0x0000000741000000, 0x0000000800000000)
  region size 2048K, 2 young (4096K), 2 survivors (4096K)
 Metaspace       used 35414K, committed 35968K, reserved 1114112K
  class space    used 4787K, committed 5056K, reserved 1048576K
}
Event: 8.670 GC heap before
{Heap before GC invocations=10 (full 0):
 garbage-first heap   total 67584K, used 52464K [0x0000000741000000, 0x0000000800000000)
  region size 2048K, 18 young (36864K), 2 survivors (4096K)
 Metaspace       used 46564K, committed 47168K, reserved 1114112K
  class space    used 6267K, committed 6528K, reserved 1048576K
}
Event: 8.681 GC heap after
{Heap after GC invocations=11 (full 0):
 garbage-first heap   total 67584K, used 22813K [0x0000000741000000, 0x0000000800000000)
  region size 2048K, 3 young (6144K), 3 survivors (6144K)
 Metaspace       used 46564K, committed 47168K, reserved 1114112K
  class space    used 6267K, committed 6528K, reserved 1048576K
}
Event: 9.900 GC heap before
{Heap before GC invocations=11 (full 0):
 garbage-first heap   total 67584K, used 53533K [0x0000000741000000, 0x0000000800000000)
  region size 2048K, 18 young (36864K), 3 survivors (6144K)
 Metaspace       used 55256K, committed 55872K, reserved 1114112K
  class space    used 7620K, committed 7872K, reserved 1048576K
}
Event: 9.917 GC heap after
{Heap after GC invocations=12 (full 0):
 garbage-first heap   total 67584K, used 24304K [0x0000000741000000, 0x0000000800000000)
  region size 2048K, 3 young (6144K), 3 survivors (6144K)
 Metaspace       used 55256K, committed 55872K, reserved 1114112K
  class space    used 7620K, committed 7872K, reserved 1048576K
}
Event: 11.153 GC heap before
{Heap before GC invocations=12 (full 0):
 garbage-first heap   total 67584K, used 48880K [0x0000000741000000, 0x0000000800000000)
  region size 2048K, 16 young (32768K), 3 survivors (6144K)
 Metaspace       used 60034K, committed 60736K, reserved 1114112K
  class space    used 8333K, committed 8640K, reserved 1048576K
}
Event: 11.167 GC heap after
{Heap after GC invocations=13 (full 0):
 garbage-first heap   total 67584K, used 26220K [0x0000000741000000, 0x0000000800000000)
  region size 2048K, 2 young (4096K), 2 survivors (4096K)
 Metaspace       used 60034K, committed 60736K, reserved 1114112K
  class space    used 8333K, committed 8640K, reserved 1048576K
}
Event: 12.241 GC heap before
{Heap before GC invocations=14 (full 0):
 garbage-first heap   total 67584K, used 56940K [0x0000000741000000, 0x0000000800000000)
  region size 2048K, 17 young (34816K), 2 survivors (4096K)
 Metaspace       used 63550K, committed 64256K, reserved 1114112K
  class space    used 8840K, committed 9152K, reserved 1048576K
}
Event: 12.255 GC heap after
{Heap after GC invocations=15 (full 0):
 garbage-first heap   total 67584K, used 29284K [0x0000000741000000, 0x0000000800000000)
  region size 2048K, 3 young (6144K), 3 survivors (6144K)
 Metaspace       used 63550K, committed 64256K, reserved 1114112K
  class space    used 8840K, committed 9152K, reserved 1048576K
}
Event: 12.426 GC heap before
{Heap before GC invocations=15 (full 0):
 garbage-first heap   total 67584K, used 53860K [0x0000000741000000, 0x0000000800000000)
  region size 2048K, 15 young (30720K), 3 survivors (6144K)
 Metaspace       used 63699K, committed 64384K, reserved 1114112K
  class space    used 8851K, committed 9152K, reserved 1048576K
}
Event: 12.441 GC heap after
{Heap after GC invocations=16 (full 0):
 garbage-first heap   total 67584K, used 29632K [0x0000000741000000, 0x0000000800000000)
  region size 2048K, 1 young (2048K), 1 survivors (2048K)
 Metaspace       used 63699K, committed 64384K, reserved 1114112K
  class space    used 8851K, committed 9152K, reserved 1048576K
}

