# JRE version: Java(TM) SE Runtime Environment (21.0.1+12) (build 21.0.1+12-LTS-29)
# Java VM: Java HotSpot(TM) 64-Bit Server VM (21.0.1+12-LTS-29, mixed mode, emulated-client, sharing, tiered, compressed oops, compressed class ptrs, g1 gc, windows-amd64)
GC Precious Log:
 CardTable entry size: 512
 Card Set container configuration: InlinePtr #cards 4 size 8 Array Of Cards #cards 16 size 48 Howl #buckets 8 coarsen threshold 3686 Howl Bitmap #cards 512 size 80 coarsen threshold 460 Card regions per heap region 1 cards per card region 4096
 CPUs: 4 total, 4 available
 Memory: 12216M
 Large Page Support: Disabled
 NUMA Support: Disabled
 Compressed Oops: Enabled (Zero based)
 Heap Region Size: 2M
 Heap Min Capacity: 8M
 Heap Initial Capacity: 192M
 Heap Max Capacity: 3056M
 Pre-touch: Disabled
 Parallel Workers: 4
 Concurrent Workers: 1
 Concurrent Refinement Workers: 4
 Periodic GC: Disabled
Heap:
 garbage-first heap   total 73728K, used 46090K [0x0000000741000000, 0x0000000800000000)
  region size 2048K, 13 young (26624K), 3 survivors (6144K)
 Metaspace       used 67534K, committed 68288K, reserved 1114112K
  class space    used 9334K, committed 9664K, reserved 1048576K
GC Heap History (20 events):
Event: 9.273 GC heap before
{Heap before GC invocations=5 (full 0):
 garbage-first heap   total 61440K, used 41667K [0x0000000741000000, 0x0000000800000000)
  region size 2048K, 18 young (36864K), 4 survivors (8192K)
 Metaspace       used 23771K, committed 24128K, reserved 1114112K
  class space    used 3098K, committed 3264K, reserved 1048576K
}
Event: 9.291 GC heap after
{Heap after GC invocations=6 (full 0):
 garbage-first heap   total 61440K, used 14645K [0x0000000741000000, 0x0000000800000000)
  region size 2048K, 3 young (6144K), 3 survivors (6144K)
 Metaspace       used 23771K, committed 24128K, reserved 1114112K
  class space    used 3098K, committed 3264K, reserved 1048576K
}
Event: 11.832 GC heap before
{Heap before GC invocations=6 (full 0):
 garbage-first heap   total 61440K, used 43317K [0x0000000741000000, 0x0000000800000000)
  region size 2048K, 17 young (34816K), 3 survivors (6144K)
 Metaspace       used 28163K, committed 28672K, reserved 1114112K
  class space    used 3804K, committed 4096K, reserved 1048576K
}
Event: 11.848 GC heap after
{Heap after GC invocations=7 (full 0):
 garbage-first heap   total 61440K, used 17576K [0x0000000741000000, 0x0000000800000000)
  region size 2048K, 3 young (6144K), 3 survivors (6144K)
 Metaspace       used 28163K, committed 28672K, reserved 1114112K
  class space    used 3804K, committed 4096K, reserved 1048576K
}
Event: 12.904 GC heap before
{Heap before GC invocations=7 (full 0):
 garbage-first heap   total 61440K, used 48296K [0x0000000741000000, 0x0000000800000000)
  region size 2048K, 18 young (36864K), 3 survivors (6144K)
 Metaspace       used 33585K, committed 34112K, reserved 1114112K
  class space    used 4509K, committed 4736K, reserved 1048576K
}
Event: 12.918 GC heap after
{Heap after GC invocations=8 (full 0):
 garbage-first heap   total 61440K, used 19535K [0x0000000741000000, 0x0000000800000000)
  region size 2048K, 3 young (6144K), 3 survivors (6144K)
 Metaspace       used 33585K, committed 34112K, reserved 1114112K
  class space    used 4509K, committed 4736K, reserved 1048576K
}
Event: 13.129 GC heap before
{Heap before GC invocations=8 (full 0):
 garbage-first heap   total 61440K, used 23631K [0x0000000741000000, 0x0000000800000000)
  region size 2048K, 6 young (12288K), 3 survivors (6144K)
 Metaspace       used 35417K, committed 35968K, reserved 1114112K
  class space    used 4785K, committed 5056K, reserved 1048576K
}
Event: 13.140 GC heap after
{Heap after GC invocations=9 (full 0):
 garbage-first heap   total 61440K, used 19935K [0x0000000741000000, 0x0000000800000000)
  region size 2048K, 2 young (4096K), 2 survivors (4096K)
 Metaspace       used 35417K, committed 35968K, reserved 1114112K
  class space    used 4785K, committed 5056K, reserved 1048576K
}
Event: 15.607 GC heap before
{Heap before GC invocations=10 (full 0):
 garbage-first heap   total 61440K, used 50655K [0x0000000741000000, 0x0000000800000000)
  region size 2048K, 17 young (34816K), 2 survivors (4096K)
 Metaspace       used 45984K, committed 46592K, reserved 1114112K
  class space    used 6201K, committed 6464K, reserved 1048576K
}
Event: 15.618 GC heap after
{Heap after GC invocations=11 (full 0):
 garbage-first heap   total 61440K, used 22851K [0x0000000741000000, 0x0000000800000000)
  region size 2048K, 3 young (6144K), 3 survivors (6144K)
 Metaspace       used 45984K, committed 46592K, reserved 1114112K
  class space    used 6201K, committed 6464K, reserved 1048576K
}
Event: 16.664 GC heap before
{Heap before GC invocations=11 (full 0):
 garbage-first heap   total 61440K, used 47427K [0x0000000741000000, 0x0000000800000000)
  region size 2048K, 16 young (32768K), 3 survivors (6144K)
 Metaspace       used 54366K, committed 55040K, reserved 1114112K
  class space    used 7469K, committed 7744K, reserved 1048576K
}
Event: 16.679 GC heap after
{Heap after GC invocations=12 (full 0):
 garbage-first heap   total 61440K, used 24230K [0x0000000741000000, 0x0000000800000000)
  region size 2048K, 1 young (2048K), 1 survivors (2048K)
 Metaspace       used 54366K, committed 55040K, reserved 1114112K
  class space    used 7469K, committed 7744K, reserved 1048576K
}
Event: 17.826 GC heap before
{Heap before GC invocations=12 (full 0):
 garbage-first heap   total 61440K, used 52902K [0x0000000741000000, 0x0000000800000000)
  region size 2048K, 15 young (30720K), 1 survivors (2048K)
 Metaspace       used 59549K, committed 60224K, reserved 1114112K
  class space    used 8270K, committed 8576K, reserved 1048576K
}
Event: 17.836 GC heap after
{Heap after GC invocations=13 (full 0):
 garbage-first heap   total 73728K, used 25984K [0x0000000741000000, 0x0000000800000000)
  region size 2048K, 2 young (4096K), 2 survivors (4096K)
 Metaspace       used 59549K, committed 60224K, reserved 1114112K
  class space    used 8270K, committed 8576K, reserved 1048576K
}
Event: 17.923 GC heap before
{Heap before GC invocations=13 (full 0):
 garbage-first heap   total 73728K, used 28032K [0x0000000741000000, 0x0000000800000000)
  region size 2048K, 4 young (8192K), 2 survivors (4096K)
 Metaspace       used 59936K, committed 60608K, reserved 1114112K
  class space    used 8320K, committed 8640K, reserved 1048576K
}
Event: 17.932 GC heap after
{Heap after GC invocations=14 (full 0):
 garbage-first heap   total 73728K, used 26150K [0x0000000741000000, 0x0000000800000000)
  region size 2048K, 2 young (4096K), 2 survivors (4096K)
 Metaspace       used 59936K, committed 60608K, reserved 1114112K
  class space    used 8320K, committed 8640K, reserved 1048576K
}
Event: 18.802 GC heap before
{Heap before GC invocations=15 (full 0):
 garbage-first heap   total 73728K, used 60966K [0x0000000741000000, 0x0000000800000000)
  region size 2048K, 19 young (38912K), 2 survivors (4096K)
 Metaspace       used 63560K, committed 64320K, reserved 1114112K
  class space    used 8837K, committed 9152K, reserved 1048576K
}
Event: 18.814 GC heap after
{Heap after GC invocations=16 (full 0):
 garbage-first heap   total 73728K, used 29064K [0x0000000741000000, 0x0000000800000000)
  region size 2048K, 3 young (6144K), 3 survivors (6144K)
 Metaspace       used 63560K, committed 64320K, reserved 1114112K
  class space    used 8837K, committed 9152K, reserved 1048576K
}
Event: 22.731 GC heap before
{Heap before GC invocations=16 (full 0):
 garbage-first heap   total 73728K, used 59784K [0x0000000741000000, 0x0000000800000000)
  region size 2048K, 18 young (36864K), 3 survivors (6144K)
 Metaspace       used 65087K, committed 65856K, reserved 1114112K
  class space    used 9035K, committed 9344K, reserved 1048576K
}
Event: 22.749 GC heap after
{Heap after GC invocations=17 (full 0):
 garbage-first heap   total 73728K, used 29706K [0x0000000741000000, 0x0000000800000000)
  region size 2048K, 3 young (6144K), 3 survivors (6144K)
 Metaspace       used 65087K, committed 65856K, reserved 1114112K
  class space    used 9035K, committed 9344K, reserved 1048576K
}

