# JRE version: Java(TM) SE Runtime Environment (21.0.1+12) (build 21.0.1+12-LTS-29)
# Java VM: Java HotSpot(TM) 64-Bit Server VM (21.0.1+12-LTS-29, mixed mode, emulated-client, sharing, tiered, compressed oops, compressed class ptrs, g1 gc, windows-amd64)
GC Precious Log:
 CardTable entry size: 512
 Card Set container configuration: InlinePtr #cards 4 size 8 Array Of Cards #cards 16 size 48 Howl #buckets 8 coarsen threshold 3686 Howl Bitmap #cards 512 size 80 coarsen threshold 460 Card regions per heap region 1 cards per card region 4096
 CPUs: 4 total, 4 available
 Memory: 12216M
 Large Page Support: Disabled
 NUMA Support: Disabled
 Compressed Oops: Enabled (Zero based)
 Heap Region Size: 2M
 Heap Min Capacity: 8M
 Heap Initial Capacity: 192M
 Heap Max Capacity: 3056M
 Pre-touch: Disabled
 Parallel Workers: 4
 Concurrent Workers: 1
 Concurrent Refinement Workers: 4
 Periodic GC: Disabled
Heap:
 garbage-first heap   total 67584K, used 39726K [0x0000000741000000, 0x0000000800000000)
  region size 2048K, 7 young (14336K), 2 survivors (4096K)
 Metaspace       used 67571K, committed 68416K, reserved 1114112K
  class space    used 9346K, committed 9728K, reserved 1048576K
GC Heap History (20 events):
Event: 5.698 GC heap before
{Heap before GC invocations=6 (full 0):
 garbage-first heap   total 55296K, used 42824K [0x0000000741000000, 0x0000000800000000)
  region size 2048K, 15 young (30720K), 1 survivors (2048K)
 Metaspace       used 27718K, committed 28224K, reserved 1114112K
  class space    used 3700K, committed 3968K, reserved 1048576K
}
Event: 5.708 GC heap after
{Heap after GC invocations=7 (full 0):
 garbage-first heap   total 55296K, used 17029K [0x0000000741000000, 0x0000000800000000)
  region size 2048K, 2 young (4096K), 2 survivors (4096K)
 Metaspace       used 27718K, committed 28224K, reserved 1114112K
  class space    used 3700K, committed 3968K, reserved 1048576K
}
Event: 6.538 GC heap before
{Heap before GC invocations=7 (full 0):
 garbage-first heap   total 55296K, used 43653K [0x0000000741000000, 0x0000000800000000)
  region size 2048K, 15 young (30720K), 2 survivors (4096K)
 Metaspace       used 31227K, committed 31744K, reserved 1114112K
  class space    used 4206K, committed 4416K, reserved 1048576K
}
Event: 6.552 GC heap after
{Heap after GC invocations=8 (full 0):
 garbage-first heap   total 55296K, used 19441K [0x0000000741000000, 0x0000000800000000)
  region size 2048K, 2 young (4096K), 2 survivors (4096K)
 Metaspace       used 31227K, committed 31744K, reserved 1114112K
  class space    used 4206K, committed 4416K, reserved 1048576K
}
Event: 7.079 GC heap before
{Heap before GC invocations=8 (full 0):
 garbage-first heap   total 55296K, used 31729K [0x0000000741000000, 0x0000000800000000)
  region size 2048K, 9 young (18432K), 2 survivors (4096K)
 Metaspace       used 35415K, committed 35968K, reserved 1114112K
  class space    used 4787K, committed 5056K, reserved 1048576K
}
Event: 7.087 GC heap after
{Heap after GC invocations=9 (full 0):
 garbage-first heap   total 55296K, used 19946K [0x0000000741000000, 0x0000000800000000)
  region size 2048K, 2 young (4096K), 2 survivors (4096K)
 Metaspace       used 35415K, committed 35968K, reserved 1114112K
  class space    used 4787K, committed 5056K, reserved 1048576K
}
Event: 8.286 GC heap before
{Heap before GC invocations=10 (full 0):
 garbage-first heap   total 55296K, used 44522K [0x0000000741000000, 0x0000000800000000)
  region size 2048K, 14 young (28672K), 2 survivors (4096K)
 Metaspace       used 44746K, committed 45376K, reserved 1114112K
  class space    used 6024K, committed 6336K, reserved 1048576K
}
Event: 8.297 GC heap after
{Heap after GC invocations=11 (full 0):
 garbage-first heap   total 55296K, used 22782K [0x0000000741000000, 0x0000000800000000)
  region size 2048K, 2 young (4096K), 2 survivors (4096K)
 Metaspace       used 44746K, committed 45376K, reserved 1114112K
  class space    used 6024K, committed 6336K, reserved 1048576K
}
Event: 9.141 GC heap before
{Heap before GC invocations=11 (full 0):
 garbage-first heap   total 55296K, used 43262K [0x0000000741000000, 0x0000000800000000)
  region size 2048K, 13 young (26624K), 2 survivors (4096K)
 Metaspace       used 51053K, committed 51712K, reserved 1114112K
  class space    used 6956K, committed 7232K, reserved 1048576K
}
Event: 9.154 GC heap after
{Heap after GC invocations=12 (full 0):
 garbage-first heap   total 55296K, used 23805K [0x0000000741000000, 0x0000000800000000)
  region size 2048K, 1 young (2048K), 1 survivors (2048K)
 Metaspace       used 51053K, committed 51712K, reserved 1114112K
  class space    used 6956K, committed 7232K, reserved 1048576K
}
Event: 10.046 GC heap before
{Heap before GC invocations=12 (full 0):
 garbage-first heap   total 55296K, used 44285K [0x0000000741000000, 0x0000000800000000)
  region size 2048K, 12 young (24576K), 1 survivors (2048K)
 Metaspace       used 56232K, committed 56896K, reserved 1114112K
  class space    used 7770K, committed 8064K, reserved 1048576K
}
Event: 10.053 GC heap after
{Heap after GC invocations=13 (full 0):
 garbage-first heap   total 67584K, used 24459K [0x0000000741000000, 0x0000000800000000)
  region size 2048K, 2 young (4096K), 2 survivors (4096K)
 Metaspace       used 56232K, committed 56896K, reserved 1114112K
  class space    used 7770K, committed 8064K, reserved 1048576K
}
Event: 10.851 GC heap before
{Heap before GC invocations=13 (full 0):
 garbage-first heap   total 67584K, used 42891K [0x0000000741000000, 0x0000000800000000)
  region size 2048K, 12 young (24576K), 2 survivors (4096K)
 Metaspace       used 60021K, committed 60736K, reserved 1114112K
  class space    used 8329K, committed 8640K, reserved 1048576K
}
Event: 10.861 GC heap after
{Heap after GC invocations=14 (full 0):
 garbage-first heap   total 67584K, used 26328K [0x0000000741000000, 0x0000000800000000)
  region size 2048K, 3 young (6144K), 3 survivors (6144K)
 Metaspace       used 60021K, committed 60736K, reserved 1114112K
  class space    used 8329K, committed 8640K, reserved 1048576K
}
Event: 11.605 GC heap before
{Heap before GC invocations=15 (full 0):
 garbage-first heap   total 67584K, used 52952K [0x0000000741000000, 0x0000000800000000)
  region size 2048K, 16 young (32768K), 3 survivors (6144K)
 Metaspace       used 63398K, committed 64064K, reserved 1114112K
  class space    used 8814K, committed 9088K, reserved 1048576K
}
Event: 11.619 GC heap after
{Heap after GC invocations=16 (full 0):
 garbage-first heap   total 67584K, used 28739K [0x0000000741000000, 0x0000000800000000)
  region size 2048K, 2 young (4096K), 2 survivors (4096K)
 Metaspace       used 63398K, committed 64064K, reserved 1114112K
  class space    used 8814K, committed 9088K, reserved 1048576K
}
Event: 11.850 GC heap before
{Heap before GC invocations=16 (full 0):
 garbage-first heap   total 67584K, used 55363K [0x0000000741000000, 0x0000000800000000)
  region size 2048K, 15 young (30720K), 2 survivors (4096K)
 Metaspace       used 63681K, committed 64384K, reserved 1114112K
  class space    used 8847K, committed 9152K, reserved 1048576K
}
Event: 11.863 GC heap after
{Heap after GC invocations=17 (full 0):
 garbage-first heap   total 67584K, used 29669K [0x0000000741000000, 0x0000000800000000)
  region size 2048K, 1 young (2048K), 1 survivors (2048K)
 Metaspace       used 63681K, committed 64384K, reserved 1114112K
  class space    used 8847K, committed 9152K, reserved 1048576K
}
Event: 120.266 GC heap before
{Heap before GC invocations=17 (full 0):
 garbage-first heap   total 67584K, used 56293K [0x0000000741000000, 0x0000000800000000)
  region size 2048K, 15 young (30720K), 1 survivors (2048K)
 Metaspace       used 67545K, committed 68288K, reserved 1114112K
  class space    used 9338K, committed 9664K, reserved 1048576K
}
Event: 120.276 GC heap after
{Heap after GC invocations=18 (full 0):
 garbage-first heap   total 67584K, used 31534K [0x0000000741000000, 0x0000000800000000)
  region size 2048K, 2 young (4096K), 2 survivors (4096K)
 Metaspace       used 67545K, committed 68288K, reserved 1114112K
  class space    used 9338K, committed 9664K, reserved 1048576K
}

